[2022-06-02T23:07:24.485] [ERROR] error - Error: self signed certificate in certificate chain
    at TLSSocket.onConnectSecure (node:_tls_wrap:1532:34)
    at TLSSocket.emit (node:events:527:28)
    at TLSSocket._finishInit (node:_tls_wrap:946:8)
    at TLSWrap.ssl.onhandshakedone (node:_tls_wrap:727:12) {
  code: 'ESOCKET',
  command: 'CONN'
}
[2022-06-02T23:11:08.610] [ERROR] error - Error: self signed certificate in certificate chain
    at TLSSocket.onConnectSecure (node:_tls_wrap:1532:34)
    at TLSSocket.emit (node:events:527:28)
    at TLSSocket._finishInit (node:_tls_wrap:946:8)
    at TLSWrap.ssl.onhandshakedone (node:_tls_wrap:727:12) {
  code: 'ESOCKET',
  command: 'CONN'
}
[2022-06-04T02:07:12.630] [ERROR] error - RestException [Error]: The 'To' number +541536412287 is not a valid phone number.
    at success (C:\Users\Lean\Desktop\Coder\BackEnd\BackEnd Proyecto Final\node_modules\twilio\lib\base\Version.js:135:15)
    at Promise_then_fulfilled (C:\Users\Lean\Desktop\Coder\BackEnd\BackEnd Proyecto Final\node_modules\q\q.js:766:44)
    at Promise_done_fulfilled (C:\Users\Lean\Desktop\Coder\BackEnd\BackEnd Proyecto Final\node_modules\q\q.js:835:31)
    at Fulfilled_dispatch [as dispatch] (C:\Users\Lean\Desktop\Coder\BackEnd\BackEnd Proyecto Final\node_modules\q\q.js:1229:9)
    at Pending_become_eachMessage_task (C:\Users\Lean\Desktop\Coder\BackEnd\BackEnd Proyecto Final\node_modules\q\q.js:1369:30)
    at RawTask.call (C:\Users\Lean\Desktop\Coder\BackEnd\BackEnd Proyecto Final\node_modules\asap\asap.js:40:19)
    at flush (C:\Users\Lean\Desktop\Coder\BackEnd\BackEnd Proyecto Final\node_modules\asap\raw.js:50:29)
    at processTicksAndRejections (node:internal/process/task_queues:78:11) {
  status: 400,
  code: 21211,
  moreInfo: 'https://www.twilio.com/docs/errors/21211',
  details: undefined
}
[2022-06-04T02:08:04.258] [ERROR] error - RestException [Error]: The 'To' number +541536412287 is not a valid phone number.
    at success (C:\Users\Lean\Desktop\Coder\BackEnd\BackEnd Proyecto Final\node_modules\twilio\lib\base\Version.js:135:15)
    at Promise_then_fulfilled (C:\Users\Lean\Desktop\Coder\BackEnd\BackEnd Proyecto Final\node_modules\q\q.js:766:44)
    at Promise_done_fulfilled (C:\Users\Lean\Desktop\Coder\BackEnd\BackEnd Proyecto Final\node_modules\q\q.js:835:31)
    at Fulfilled_dispatch [as dispatch] (C:\Users\Lean\Desktop\Coder\BackEnd\BackEnd Proyecto Final\node_modules\q\q.js:1229:9)
    at Pending_become_eachMessage_task (C:\Users\Lean\Desktop\Coder\BackEnd\BackEnd Proyecto Final\node_modules\q\q.js:1369:30)
    at RawTask.call (C:\Users\Lean\Desktop\Coder\BackEnd\BackEnd Proyecto Final\node_modules\asap\asap.js:40:19)
    at flush (C:\Users\Lean\Desktop\Coder\BackEnd\BackEnd Proyecto Final\node_modules\asap\raw.js:50:29)
    at processTicksAndRejections (node:internal/process/task_queues:78:11) {
  status: 400,
  code: 21211,
  moreInfo: 'https://www.twilio.com/docs/errors/21211',
  details: undefined
}
[2022-06-04T02:08:55.460] [ERROR] error - RestException [Error]: The number  is unverified. Trial accounts cannot send messages to unverified numbers; verify  at twilio.com/user/account/phone-numbers/verified, or purchase a Twilio number to send messages to unverified numbers.
    at success (C:\Users\Lean\Desktop\Coder\BackEnd\BackEnd Proyecto Final\node_modules\twilio\lib\base\Version.js:135:15)
    at Promise_then_fulfilled (C:\Users\Lean\Desktop\Coder\BackEnd\BackEnd Proyecto Final\node_modules\q\q.js:766:44)
    at Promise_done_fulfilled (C:\Users\Lean\Desktop\Coder\BackEnd\BackEnd Proyecto Final\node_modules\q\q.js:835:31)
    at Fulfilled_dispatch [as dispatch] (C:\Users\Lean\Desktop\Coder\BackEnd\BackEnd Proyecto Final\node_modules\q\q.js:1229:9)
    at Pending_become_eachMessage_task (C:\Users\Lean\Desktop\Coder\BackEnd\BackEnd Proyecto Final\node_modules\q\q.js:1369:30)
    at RawTask.call (C:\Users\Lean\Desktop\Coder\BackEnd\BackEnd Proyecto Final\node_modules\asap\asap.js:40:19)
    at flush (C:\Users\Lean\Desktop\Coder\BackEnd\BackEnd Proyecto Final\node_modules\asap\raw.js:50:29)
    at processTicksAndRejections (node:internal/process/task_queues:78:11) {
  status: 400,
  code: 21608,
  moreInfo: 'https://www.twilio.com/docs/errors/21608',
  details: undefined
}
[2022-06-04T02:10:17.216] [ERROR] error - RestException [Error]: The number  is unverified. Trial accounts cannot send messages to unverified numbers; verify  at twilio.com/user/account/phone-numbers/verified, or purchase a Twilio number to send messages to unverified numbers.
    at success (C:\Users\Lean\Desktop\Coder\BackEnd\BackEnd Proyecto Final\node_modules\twilio\lib\base\Version.js:135:15)
    at Promise_then_fulfilled (C:\Users\Lean\Desktop\Coder\BackEnd\BackEnd Proyecto Final\node_modules\q\q.js:766:44)
    at Promise_done_fulfilled (C:\Users\Lean\Desktop\Coder\BackEnd\BackEnd Proyecto Final\node_modules\q\q.js:835:31)
    at Fulfilled_dispatch [as dispatch] (C:\Users\Lean\Desktop\Coder\BackEnd\BackEnd Proyecto Final\node_modules\q\q.js:1229:9)
    at Pending_become_eachMessage_task (C:\Users\Lean\Desktop\Coder\BackEnd\BackEnd Proyecto Final\node_modules\q\q.js:1369:30)
    at RawTask.call (C:\Users\Lean\Desktop\Coder\BackEnd\BackEnd Proyecto Final\node_modules\asap\asap.js:40:19)
    at flush (C:\Users\Lean\Desktop\Coder\BackEnd\BackEnd Proyecto Final\node_modules\asap\raw.js:50:29)
    at processTicksAndRejections (node:internal/process/task_queues:78:11) {
  status: 400,
  code: 21608,
  moreInfo: 'https://www.twilio.com/docs/errors/21608',
  details: undefined
}
[2022-06-07T16:52:25.303] [ERROR] error - the 8836 process stopped working
[2022-06-07T16:52:25.308] [ERROR] error - the 15448 process stopped working
[2022-06-07T16:52:25.323] [ERROR] error - the 22832 process stopped working
[2022-06-07T16:52:25.330] [ERROR] error - the 11160 process stopped working
[2022-06-07T16:52:25.344] [ERROR] error - the 22112 process stopped working
[2022-06-07T16:52:25.378] [ERROR] error - the 4840 process stopped working
[2022-06-07T16:52:25.386] [ERROR] error - the 9108 process stopped working
[2022-06-07T16:52:25.407] [ERROR] error - the 3488 process stopped working
[2022-06-07T16:52:26.518] [ERROR] error - the 16252 process stopped working
[2022-06-07T16:52:26.522] [ERROR] error - the 15868 process stopped working
[2022-06-07T16:52:26.526] [ERROR] error - the 22312 process stopped working
[2022-06-07T16:52:26.575] [ERROR] error - the 14136 process stopped working
[2022-06-07T16:52:26.601] [ERROR] error - the 18256 process stopped working
[2022-06-07T16:52:26.608] [ERROR] error - the 22984 process stopped working
[2022-06-07T16:52:26.616] [ERROR] error - the 9868 process stopped working
[2022-06-07T16:52:26.690] [ERROR] error - the 17600 process stopped working
[2022-06-07T16:52:27.772] [ERROR] error - the 14464 process stopped working
[2022-06-07T16:52:27.776] [ERROR] error - the 5584 process stopped working
[2022-06-07T16:52:27.786] [ERROR] error - the 17468 process stopped working
[2022-06-07T16:52:27.816] [ERROR] error - the 14900 process stopped working
[2022-06-07T16:52:27.835] [ERROR] error - the 16588 process stopped working
[2022-06-07T16:52:27.856] [ERROR] error - the 17036 process stopped working
[2022-06-07T16:52:27.864] [ERROR] error - the 16584 process stopped working
[2022-06-07T16:52:27.907] [ERROR] error - the 8936 process stopped working
[2022-06-07T16:52:28.986] [ERROR] error - the 11360 process stopped working
[2022-06-07T16:52:28.990] [ERROR] error - the 21548 process stopped working
[2022-06-07T16:52:29.013] [ERROR] error - the 1856 process stopped working
[2022-06-07T16:52:29.030] [ERROR] error - the 14100 process stopped working
[2022-06-07T16:52:29.070] [ERROR] error - the 23176 process stopped working
[2022-06-07T16:52:29.080] [ERROR] error - the 9832 process stopped working
[2022-06-07T16:52:29.086] [ERROR] error - the 21872 process stopped working
[2022-06-07T16:52:29.176] [ERROR] error - the 1220 process stopped working
[2022-06-07T16:56:11.404] [ERROR] error - the 21256 process stopped working
[2022-06-07T16:56:11.413] [ERROR] error - the 15336 process stopped working
[2022-06-07T16:56:11.451] [ERROR] error - the 21108 process stopped working
[2022-06-07T16:56:11.462] [ERROR] error - the 20472 process stopped working
[2022-06-07T16:56:11.467] [ERROR] error - the 17668 process stopped working
[2022-06-07T16:56:11.501] [ERROR] error - the 252 process stopped working
[2022-06-07T16:56:11.511] [ERROR] error - the 1308 process stopped working
[2022-06-07T16:56:11.531] [ERROR] error - the 14732 process stopped working
[2022-06-07T16:56:12.639] [ERROR] error - the 20844 process stopped working
[2022-06-07T16:56:12.644] [ERROR] error - the 22336 process stopped working
[2022-06-07T16:56:12.666] [ERROR] error - the 9204 process stopped working
[2022-06-07T16:56:12.683] [ERROR] error - the 6080 process stopped working
[2022-06-07T16:56:12.692] [ERROR] error - the 19948 process stopped working
[2022-06-07T16:56:12.697] [ERROR] error - the 10116 process stopped working
[2022-06-07T16:56:12.960] [ERROR] error - the 22072 process stopped working
[2022-06-07T16:56:13.096] [ERROR] error - the 300 process stopped working
[2022-06-07T20:59:24.755] [ERROR] error - ReferenceError: registerMailOptions is not defined
    at newOrderWhatsapp (file:///C:/Users/Lean/Desktop/Coder/BackEnd/BackEnd%20Proyecto%20Final/src/services/send.js:77:36)
    at file:///C:/Users/Lean/Desktop/Coder/BackEnd/BackEnd%20Proyecto%20Final/src/app.js:269:11
    at processTicksAndRejections (node:internal/process/task_queues:96:5)
[2022-06-07T20:59:25.877] [ERROR] error - ReferenceError: loggerTrace is not defined
    at cartMessage (file:///C:/Users/Lean/Desktop/Coder/BackEnd/BackEnd%20Proyecto%20Final/src/services/send.js:42:9)
    at processTicksAndRejections (node:internal/process/task_queues:96:5)
[2022-06-07T21:00:20.487] [ERROR] error - Error: No recipients defined
    at SMTPConnection._formatError (C:\Users\Lean\Desktop\Coder\BackEnd\BackEnd Proyecto Final\node_modules\nodemailer\lib\smtp-connection\index.js:784:19)
    at SMTPConnection._setEnvelope (C:\Users\Lean\Desktop\Coder\BackEnd\BackEnd Proyecto Final\node_modules\nodemailer\lib\smtp-connection\index.js:1001:34)
    at SMTPConnection.send (C:\Users\Lean\Desktop\Coder\BackEnd\BackEnd Proyecto Final\node_modules\nodemailer\lib\smtp-connection\index.js:615:14)
    at sendMessage (C:\Users\Lean\Desktop\Coder\BackEnd\BackEnd Proyecto Final\node_modules\nodemailer\lib\smtp-transport\index.js:227:28)
    at C:\Users\Lean\Desktop\Coder\BackEnd\BackEnd Proyecto Final\node_modules\nodemailer\lib\smtp-transport\index.js:285:25
    at SMTPConnection._actionAUTHComplete (C:\Users\Lean\Desktop\Coder\BackEnd\BackEnd Proyecto Final\node_modules\nodemailer\lib\smtp-connection\index.js:1550:9)
    at SMTPConnection.<anonymous> (C:\Users\Lean\Desktop\Coder\BackEnd\BackEnd Proyecto Final\node_modules\nodemailer\lib\smtp-connection\index.js:540:26)
    at SMTPConnection._processResponse (C:\Users\Lean\Desktop\Coder\BackEnd\BackEnd Proyecto Final\node_modules\nodemailer\lib\smtp-connection\index.js:947:20)
    at SMTPConnection._onData (C:\Users\Lean\Desktop\Coder\BackEnd\BackEnd Proyecto Final\node_modules\nodemailer\lib\smtp-connection\index.js:749:14)
    at TLSSocket.SMTPConnection._onSocketData (C:\Users\Lean\Desktop\Coder\BackEnd\BackEnd Proyecto Final\node_modules\nodemailer\lib\smtp-connection\index.js:189:44) {
  code: 'EENVELOPE',
  command: 'API'
}
[2022-06-07T21:03:13.762] [ERROR] error - Error: No recipients defined
    at SMTPConnection._formatError (C:\Users\Lean\Desktop\Coder\BackEnd\BackEnd Proyecto Final\node_modules\nodemailer\lib\smtp-connection\index.js:784:19)
    at SMTPConnection._setEnvelope (C:\Users\Lean\Desktop\Coder\BackEnd\BackEnd Proyecto Final\node_modules\nodemailer\lib\smtp-connection\index.js:1001:34)
    at SMTPConnection.send (C:\Users\Lean\Desktop\Coder\BackEnd\BackEnd Proyecto Final\node_modules\nodemailer\lib\smtp-connection\index.js:615:14)
    at sendMessage (C:\Users\Lean\Desktop\Coder\BackEnd\BackEnd Proyecto Final\node_modules\nodemailer\lib\smtp-transport\index.js:227:28)
    at C:\Users\Lean\Desktop\Coder\BackEnd\BackEnd Proyecto Final\node_modules\nodemailer\lib\smtp-transport\index.js:285:25
    at SMTPConnection._actionAUTHComplete (C:\Users\Lean\Desktop\Coder\BackEnd\BackEnd Proyecto Final\node_modules\nodemailer\lib\smtp-connection\index.js:1550:9)
    at SMTPConnection.<anonymous> (C:\Users\Lean\Desktop\Coder\BackEnd\BackEnd Proyecto Final\node_modules\nodemailer\lib\smtp-connection\index.js:540:26)
    at SMTPConnection._processResponse (C:\Users\Lean\Desktop\Coder\BackEnd\BackEnd Proyecto Final\node_modules\nodemailer\lib\smtp-connection\index.js:947:20)
    at SMTPConnection._onData (C:\Users\Lean\Desktop\Coder\BackEnd\BackEnd Proyecto Final\node_modules\nodemailer\lib\smtp-connection\index.js:749:14)
    at TLSSocket.SMTPConnection._onSocketData (C:\Users\Lean\Desktop\Coder\BackEnd\BackEnd Proyecto Final\node_modules\nodemailer\lib\smtp-connection\index.js:189:44) {
  code: 'EENVELOPE',
  command: 'API'
}
[2022-06-07T21:05:28.529] [ERROR] error - Error: No recipients defined
    at SMTPConnection._formatError (C:\Users\Lean\Desktop\Coder\BackEnd\BackEnd Proyecto Final\node_modules\nodemailer\lib\smtp-connection\index.js:784:19)
    at SMTPConnection._setEnvelope (C:\Users\Lean\Desktop\Coder\BackEnd\BackEnd Proyecto Final\node_modules\nodemailer\lib\smtp-connection\index.js:1001:34)
    at SMTPConnection.send (C:\Users\Lean\Desktop\Coder\BackEnd\BackEnd Proyecto Final\node_modules\nodemailer\lib\smtp-connection\index.js:615:14)
    at sendMessage (C:\Users\Lean\Desktop\Coder\BackEnd\BackEnd Proyecto Final\node_modules\nodemailer\lib\smtp-transport\index.js:227:28)
    at C:\Users\Lean\Desktop\Coder\BackEnd\BackEnd Proyecto Final\node_modules\nodemailer\lib\smtp-transport\index.js:285:25
    at SMTPConnection._actionAUTHComplete (C:\Users\Lean\Desktop\Coder\BackEnd\BackEnd Proyecto Final\node_modules\nodemailer\lib\smtp-connection\index.js:1550:9)
    at SMTPConnection.<anonymous> (C:\Users\Lean\Desktop\Coder\BackEnd\BackEnd Proyecto Final\node_modules\nodemailer\lib\smtp-connection\index.js:540:26)
    at SMTPConnection._processResponse (C:\Users\Lean\Desktop\Coder\BackEnd\BackEnd Proyecto Final\node_modules\nodemailer\lib\smtp-connection\index.js:947:20)
    at SMTPConnection._onData (C:\Users\Lean\Desktop\Coder\BackEnd\BackEnd Proyecto Final\node_modules\nodemailer\lib\smtp-connection\index.js:749:14)
    at TLSSocket.SMTPConnection._onSocketData (C:\Users\Lean\Desktop\Coder\BackEnd\BackEnd Proyecto Final\node_modules\nodemailer\lib\smtp-connection\index.js:189:44) {
  code: 'EENVELOPE',
  command: 'API'
}
[2022-06-07T21:13:06.805] [ERROR] error - RestException [Error]: Twilio could not find a Channel with the specified From address
    at success (C:\Users\Lean\Desktop\Coder\BackEnd\BackEnd Proyecto Final\node_modules\twilio\lib\base\Version.js:135:15)
    at Promise_then_fulfilled (C:\Users\Lean\Desktop\Coder\BackEnd\BackEnd Proyecto Final\node_modules\q\q.js:766:44)
    at Promise_done_fulfilled (C:\Users\Lean\Desktop\Coder\BackEnd\BackEnd Proyecto Final\node_modules\q\q.js:835:31)
    at Fulfilled_dispatch [as dispatch] (C:\Users\Lean\Desktop\Coder\BackEnd\BackEnd Proyecto Final\node_modules\q\q.js:1229:9)
    at Pending_become_eachMessage_task (C:\Users\Lean\Desktop\Coder\BackEnd\BackEnd Proyecto Final\node_modules\q\q.js:1369:30)
    at RawTask.call (C:\Users\Lean\Desktop\Coder\BackEnd\BackEnd Proyecto Final\node_modules\asap\asap.js:40:19)
    at flush (C:\Users\Lean\Desktop\Coder\BackEnd\BackEnd Proyecto Final\node_modules\asap\raw.js:50:29)
    at processTicksAndRejections (node:internal/process/task_queues:78:11) {
  status: 400,
  code: 63007,
  moreInfo: 'https://www.twilio.com/docs/errors/63007',
  details: undefined
}
[2022-06-07T21:14:39.399] [ERROR] error - RestException [Error]: Twilio could not find a Channel with the specified From address
    at success (C:\Users\Lean\Desktop\Coder\BackEnd\BackEnd Proyecto Final\node_modules\twilio\lib\base\Version.js:135:15)
    at Promise_then_fulfilled (C:\Users\Lean\Desktop\Coder\BackEnd\BackEnd Proyecto Final\node_modules\q\q.js:766:44)
    at Promise_done_fulfilled (C:\Users\Lean\Desktop\Coder\BackEnd\BackEnd Proyecto Final\node_modules\q\q.js:835:31)
    at Fulfilled_dispatch [as dispatch] (C:\Users\Lean\Desktop\Coder\BackEnd\BackEnd Proyecto Final\node_modules\q\q.js:1229:9)
    at Pending_become_eachMessage_task (C:\Users\Lean\Desktop\Coder\BackEnd\BackEnd Proyecto Final\node_modules\q\q.js:1369:30)
    at RawTask.call (C:\Users\Lean\Desktop\Coder\BackEnd\BackEnd Proyecto Final\node_modules\asap\asap.js:40:19)
    at flush (C:\Users\Lean\Desktop\Coder\BackEnd\BackEnd Proyecto Final\node_modules\asap\raw.js:50:29)
    at processTicksAndRejections (node:internal/process/task_queues:78:11) {
  status: 400,
  code: 63007,
  moreInfo: 'https://www.twilio.com/docs/errors/63007',
  details: undefined
}
