
[2022-06-03T17:07:19.371] [WARN] warning - ruta /a solicitada con el método GET no implementado
[2022-06-03T17:11:32.062] [WARN] warning - ruta /a solicitada con el método GET no implementado
[2022-06-03T17:18:34.833] [WARN] warning - ruta /templates/newestProducts.handlebars solicitada con el método GET no implementado
[2022-06-03T17:18:35.224] [WARN] warning - ruta /styles.css solicitada con el método GET no implementado
[2022-06-03T17:18:36.511] [WARN] warning - ruta /styles.css solicitada con el método GET no implementado
[2022-06-03T17:18:39.768] [WARN] warning - ruta /styles.css solicitada con el método GET no implementado
[2022-06-03T17:18:42.599] [WARN] warning - ruta /styles.css solicitada con el método GET no implementado
[2022-06-03T17:18:42.601] [WARN] warning - ruta /index.js solicitada con el método GET no implementado
[2022-06-03T17:18:42.729] [WARN] warning - ruta /index.js solicitada con el método GET no implementado
[2022-06-03T17:20:17.881] [WARN] warning - ruta /styles.css solicitada con el método GET no implementado
[2022-06-03T17:20:18.152] [WARN] warning - ruta /index.js solicitada con el método GET no implementado
[2022-06-03T17:20:49.954] [WARN] warning - ruta /styles.css solicitada con el método GET no implementado
[2022-06-03T17:20:50.217] [WARN] warning - ruta /index.js solicitada con el método GET no implementado
[2022-06-03T17:20:53.053] [WARN] warning - ruta /styles.css solicitada con el método GET no implementado
[2022-06-03T17:20:56.418] [WARN] warning - ruta /styles.css solicitada con el método GET no implementado
[2022-06-03T17:20:56.424] [WARN] warning - ruta /index.js solicitada con el método GET no implementado
[2022-06-03T17:20:56.527] [WARN] warning - ruta /index.js solicitada con el método GET no implementado
[2022-06-03T17:23:46.245] [WARN] warning - ruta /styles.css solicitada con el método GET no implementado
[2022-06-03T17:23:46.527] [WARN] warning - ruta /index.js solicitada con el método GET no implementado
[2022-06-03T17:23:46.645] [WARN] warning - ruta /index.js solicitada con el método GET no implementado
[2022-06-03T17:23:49.446] [WARN] warning - ruta /styles.css solicitada con el método GET no implementado
[2022-06-03T17:23:49.447] [WARN] warning - ruta /index.js solicitada con el método GET no implementado
[2022-06-03T17:24:40.272] [WARN] warning - ruta /templates/newestProducts.handlebars solicitada con el método GET no implementado
[2022-06-03T17:24:40.832] [WARN] warning - ruta /templates/userconnected.handlebars solicitada con el método GET no implementado
[2022-06-05T18:37:16.572] [WARN] warning - ruta /HNAP1/ solicitada con el método GET no implementado
[2022-06-06T16:06:29.756] [WARN] warning - ruta / solicitada con el método GET no implementado
[2022-06-06T16:06:35.362] [WARN] warning - ruta /styles.css solicitada con el método GET no implementado
[2022-06-06T16:06:50.448] [WARN] warning - ruta /styles.css solicitada con el método GET no implementado
[2022-06-06T16:06:53.790] [WARN] warning - ruta /logged/index solicitada con el método GET no implementado
[2022-06-06T16:06:57.706] [WARN] warning - ruta /styles.css solicitada con el método GET no implementado
[2022-06-06T16:07:04.634] [WARN] warning - ruta /log solicitada con el método GET no implementado
[2022-06-06T16:07:19.671] [WARN] warning - ruta /log solicitada con el método GET no implementado
[2022-06-06T21:16:26.141] [WARN] warning - ruta /img/1654560981548-1649553889535 solicitada con el método GET no implementado
[2022-06-06T21:20:44.704] [WARN] warning - ruta / solicitada con el método GET no implementado
[2022-06-06T21:21:35.767] [WARN] warning - ruta /styles.css solicitada con el método GET no implementado
[2022-06-06T21:21:36.040] [WARN] warning - ruta /index.js solicitada con el método GET no implementado
[2022-06-06T21:21:36.166] [WARN] warning - ruta /index.js solicitada con el método GET no implementado
[2022-06-06T21:21:38.355] [WARN] warning - ruta /styles.css solicitada con el método GET no implementado
[2022-06-06T21:21:38.363] [WARN] warning - ruta /index.js solicitada con el método GET no implementado
[2022-06-06T21:22:16.429] [WARN] warning - ruta /styles.css solicitada con el método GET no implementado
[2022-06-06T21:22:16.702] [WARN] warning - ruta /index.js solicitada con el método GET no implementado
[2022-06-06T21:22:16.825] [WARN] warning - ruta /index.js solicitada con el método GET no implementado
[2022-06-06T21:22:35.561] [WARN] warning - ruta /img/1654560981548-1649553889535 solicitada con el método GET no implementado
[2022-06-06T21:22:49.835] [WARN] warning - ruta /img/1654560981548-1649553889535 solicitada con el método GET no implementado
[2022-06-06T21:22:57.962] [WARN] warning - ruta /public/img/1654560981548-1649553889535 solicitada con el método GET no implementado
[2022-06-06T21:23:12.172] [WARN] warning - ruta /public/img/1654560981548-1649553889535%20(2).jpg solicitada con el método GET no implementado
[2022-06-06T22:01:15.702] [WARN] warning - ruta /img/1654563667445-1649553889535 solicitada con el método GET no implementado
[2022-06-06T22:10:56.012] [WARN] warning - ruta / solicitada con el método GET no implementado
[2022-06-06T22:11:05.188] [WARN] warning - ruta /styles.css solicitada con el método GET no implementado
[2022-06-06T22:11:15.947] [WARN] warning - ruta /styles.css solicitada con el método GET no implementado
[2022-06-06T22:11:16.666] [WARN] warning - ruta /styles.css solicitada con el método GET no implementado
[2022-06-06T22:11:19.678] [WARN] warning - ruta / solicitada con el método GET no implementado
[2022-06-06T22:18:36.898] [WARN] warning - ruta /img/1654564037078-1649553889535(2).jpg solicitada con el método GET no implementado
[2022-06-07T02:34:43.017] [WARN] warning - ruta /productCreator solicitada con el método GET no implementado
[2022-06-07T02:34:48.091] [WARN] warning - ruta /productCreator.html solicitada con el método GET no implementado
[2022-06-07T02:34:53.701] [WARN] warning - ruta /public/productCreator.html solicitada con el método GET no implementado
[2022-06-07T02:37:04.597] [WARN] warning - ruta /products solicitada con el método GET no implementado
[2022-06-07T02:42:49.115] [WARN] warning - ruta /productCreator.html solicitada con el método GET no implementado
[2022-06-07T03:28:47.546] [WARN] warning - ruta /img/1654582163615-hombrevive.jpg solicitada con el método GET no implementado
[2022-06-07T14:25:36.359] [WARN] warning - ruta /socket.io/socket.io.js solicitada con el método GET no implementado
[2022-06-07T14:25:36.724] [WARN] warning - ruta /socket.io/socket.io.js solicitada con el método GET no implementado
[2022-06-07T14:32:23.986] [WARN] warning - ruta /socket.io/socket.io.js solicitada con el método GET no implementado
[2022-06-20T19:54:14.704] [WARN] warning - Filesystem not 100% implemented. You might have problems using the app.
